2016080751
2016081251
2016081856
2016081951
2016081954
2016082751
2016082752
2016082753
2016082754
2016082755
2016082756
2016082757
2016090156
2016090157
2016090158
2016090160
2016090161
2016090162
2016090163
2016090164
2016090165
2016090166
2017083158
2018122301
2018122303
2018122304
2018122305
2018122306
2018122307
2018122308
2018122309
2018122310
2018122311
2018122312
2018122313
2018122314
2019110311
2019110400
2019110700
2019111000
2019111001
2019111002
2019111003
2019111004
2019111005
2019111006
2019111007
2019111008
2019111009
2019111010
2019111100
2019111400
2019111700
2019111701
2019111702
2019111703
2019111704
2019111705
2019111706
2019111707
2019111708
2019111709
2019111710
2019111711
2019111800
2019112100
2019112400
2019112401
2019112402
2019112403
2019112404
2019112405
2019112406
2019112407
2019112408
2019112409
2019112410
2019112411
2019112500
2019112800
2019112801
2019112802
2019120100
2019120101
2019120102
2019120103
2019120104
2019120105
2019120106
2019120107
2019120108
2019120109
2019120110
2019120111
2019120200
2019120500
2019120800
2019120801
2019120802
2019120803
2019120804
2019120805
2019120806
2019120807
2019120808
2019120809
2019120810
2019120811
2019120812
2019120813
2019120900
2019121200
2019121500
2019121501
2019121502
2019121503
2019121504
2019121505
2019121506
2019121507
2019121508
2019121509
2019121510
2019121511
2019121512
2019121513
2019121600
2019122200
2019122201
2019122202
2019122203
2019122204
2019122205
2019122206
2019122207
2019122208
2019122209
2019122210
2019122211
2019122212
2019122213
2019122214
2019122300
2019122900
2019122901
2019122902
2019122903
2019122904
2019122905
2019122906
2019122907
2019122908
2019122909
2019122910
2019122911
2019122912
2019122913
2019122914
2019122915
